<?xml version="1.0"?>
<testsuite name="Chrome 78.0.3904 (Mac OS X 10.14.6)" package="" timestamp="2019-11-05T13:32:56" id="0" hostname="LONM60245931A.router.local" tests="0" errors="1" failures="0" time="0">
  <properties>
    <property name="browser.fullName" value="Mozilla/5.0 (Macintosh; Intel Mac OS X 10_14_6) AppleWebKit/537.36 (KHTML, like Gecko) Chrome/78.0.3904.70 Safari/537.36"/>
  </properties>
  <system-out>
    <![CDATA[
]]>
  </system-out>
  <system-err/>
</testsuite>